Running: D:\dowload\xilin\14.7\ISE_DS\ISE\bin\nt64\unwrapped\fuse.exe -intstyle ise -incremental -lib unisims_ver -lib unimacro_ver -lib xilinxcorelib_ver -o D:/dowload/xilin/LEDsangtattutraisangphai_345/test_isim_beh.exe -prj D:/dowload/xilin/LEDsangtattutraisangphai_345/test_beh.prj work.test work.glbl 
ISim P.20131013 (signature 0x7708f090)
Number of CPUs detected in this system: 8
Turning on mult-threading, number of parallel sub-compilation jobs: 16 
Determining compilation order of HDL files
Analyzing Verilog file "D:/dowload/xilin/LEDsangtattutraisangphai_345/Shift_SIPO.v" into library work
Analyzing Verilog file "D:/dowload/xilin/LEDsangtattutraisangphai_345/Clock_1Hz.v" into library work
Analyzing Verilog file "D:/dowload/xilin/LEDsangtattutraisangphai_345/ShiftRegiter.v" into library work
Analyzing Verilog file "D:/dowload/xilin/LEDsangtattutraisangphai_345/test.v" into library work
Analyzing Verilog file "D:/dowload/xilin/14.7/ISE_DS/ISE//verilog/src/glbl.v" into library work
Starting static elaboration
Completed static elaboration
Compiling module taoxung
Compiling module Shift_SIPO
Compiling module ShiftRegiter
Compiling module test
Compiling module glbl
Time Resolution for simulation is 1ps.
Waiting for 1 sub-compilation(s) to finish...
WARNING:Simulator - Unable to copy libPortabilityNOSH.dll to the simulation executable directory: boost::filesystem::copy_file: The system cannot find the path specified, "isim\test_isim_beh.exe.sim\libPortability.dll".
Compiled 5 Verilog Units
Built simulation executable D:/dowload/xilin/LEDsangtattutraisangphai_345/test_isim_beh.exe
Fuse Memory Usage: 26932 KB
Fuse CPU Usage: 375 ms
