Release 14.7 - xst P.20131013 (nt64)
Copyright (c) 1995-2013 Xilinx, Inc.  All rights reserved.
--> Parameter TMPDIR set to xst/projnav.tmp


Total REAL time to Xst completion: 0.00 secs
Total CPU time to Xst completion: 0.09 secs
 
--> Parameter xsthdpdir set to xst


Total REAL time to Xst completion: 0.00 secs
Total CPU time to Xst completion: 0.09 secs
 
--> Reading design: ShiftRegister.prj

TABLE OF CONTENTS
  1) Synthesis Options Summary
  2) HDL Compilation
  3) Design Hierarchy Analysis
  4) HDL Analysis
  5) HDL Synthesis
     5.1) HDL Synthesis Report
  6) Advanced HDL Synthesis
     6.1) Advanced HDL Synthesis Report
  7) Low Level Synthesis
  8) Partition Report
  9) Final Report
	9.1) Device utilization summary
	9.2) Partition Resource Summary
	9.3) TIMING REPORT


=========================================================================
*                      Synthesis Options Summary                        *
=========================================================================
---- Source Parameters
Input File Name                    : "ShiftRegister.prj"
Input Format                       : mixed
Ignore Synthesis Constraint File   : NO

---- Target Parameters
Output File Name                   : "ShiftRegister"
Output Format                      : NGC
Target Device                      : xc3s500e-4-fg320

---- Source Options
Top Module Name                    : ShiftRegister
Automatic FSM Extraction           : YES
FSM Encoding Algorithm             : Auto
Safe Implementation                : No
FSM Style                          : LUT
RAM Extraction                     : Yes
RAM Style                          : Auto
ROM Extraction                     : Yes
Mux Style                          : Auto
Decoder Extraction                 : YES
Priority Encoder Extraction        : Yes
Shift Register Extraction          : YES
Logical Shifter Extraction         : YES
XOR Collapsing                     : YES
ROM Style                          : Auto
Mux Extraction                     : Yes
Resource Sharing                   : YES
Asynchronous To Synchronous        : NO
Multiplier Style                   : Auto
Automatic Register Balancing       : No

---- Target Options
Add IO Buffers                     : YES
Global Maximum Fanout              : 100000
Add Generic Clock Buffer(BUFG)     : 24
Register Duplication               : YES
Slice Packing                      : YES
Optimize Instantiated Primitives   : NO
Use Clock Enable                   : Yes
Use Synchronous Set                : Yes
Use Synchronous Reset              : Yes
Pack IO Registers into IOBs        : Auto
Equivalent register Removal        : YES

---- General Options
Optimization Goal                  : Speed
Optimization Effort                : 1
Keep Hierarchy                     : No
Netlist Hierarchy                  : As_Optimized
RTL Output                         : Yes
Global Optimization                : AllClockNets
Read Cores                         : YES
Write Timing Constraints           : NO
Cross Clock Analysis               : NO
Hierarchy Separator                : /
Bus Delimiter                      : <>
Case Specifier                     : Maintain
Slice Utilization Ratio            : 100
BRAM Utilization Ratio             : 100
Verilog 2001                       : YES
Auto BRAM Packing                  : NO
Slice Utilization Ratio Delta      : 5

=========================================================================


=========================================================================
*                          HDL Compilation                              *
=========================================================================
Compiling verilog file "TFF.v" in library work
Compiling verilog file "Shift_SIPO.v" in library work
Module <TFF> compiled
Compiling verilog file "Clock_1KHz.v" in library work
Module <Shift_SIPO> compiled
Compiling verilog file "ShiftRegister.v" in library work
Module <Clock_1KHz> compiled
Module <ShiftRegister> compiled
No errors in compilation
Analysis of file <"ShiftRegister.prj"> succeeded.
 

=========================================================================
*                     Design Hierarchy Analysis                         *
=========================================================================
Analyzing hierarchy for module <ShiftRegister> in library <work>.

Analyzing hierarchy for module <Clock_1KHz> in library <work> with parameters.
	M = "00000000000000001100001101010000"
	N = "00000000000000000000000000010000"

Analyzing hierarchy for module <Shift_SIPO> in library <work>.

Analyzing hierarchy for module <TFF> in library <work>.


=========================================================================
*                            HDL Analysis                               *
=========================================================================
Analyzing top module <ShiftRegister>.
Module <ShiftRegister> is correct for synthesis.
 
Analyzing module <Clock_1KHz> in library <work>.
	M = 32'sb00000000000000001100001101010000
	N = 32'sb00000000000000000000000000010000
Module <Clock_1KHz> is correct for synthesis.
 
Analyzing module <Shift_SIPO> in library <work>.
Module <Shift_SIPO> is correct for synthesis.
 
Analyzing module <TFF> in library <work>.
Module <TFF> is correct for synthesis.
 

=========================================================================
*                           HDL Synthesis                               *
=========================================================================

Performing bidirectional port resolution...

Synthesizing Unit <Clock_1KHz>.
    Related source file is "Clock_1KHz.v".
    Found 16-bit adder for signal <r_next$addsub0000> created at line 34.
    Found 17-bit comparator greatequal for signal <r_next$cmp_ge0000> created at line 34.
    Found 16-bit register for signal <r_reg>.
    Summary:
	inferred  16 D-type flip-flop(s).
	inferred   1 Adder/Subtractor(s).
	inferred   1 Comparator(s).
Unit <Clock_1KHz> synthesized.


Synthesizing Unit <TFF>.
    Related source file is "TFF.v".
    Found 1-bit register for signal <Q>.
    Summary:
	inferred   1 D-type flip-flop(s).
Unit <TFF> synthesized.


Synthesizing Unit <Shift_SIPO>.
    Related source file is "Shift_SIPO.v".
    Found 8-bit register for signal <r_reg>.
Unit <Shift_SIPO> synthesized.


Synthesizing Unit <ShiftRegister>.
    Related source file is "ShiftRegister.v".
Unit <ShiftRegister> synthesized.


=========================================================================
HDL Synthesis Report

Macro Statistics
# Adders/Subtractors                                   : 1
 16-bit adder                                          : 1
# Registers                                            : 3
 1-bit register                                        : 1
 16-bit register                                       : 1
 8-bit register                                        : 1
# Comparators                                          : 1
 17-bit comparator greatequal                          : 1

=========================================================================

=========================================================================
*                       Advanced HDL Synthesis                          *
=========================================================================


=========================================================================
Advanced HDL Synthesis Report

Macro Statistics
# Adders/Subtractors                                   : 1
 16-bit adder                                          : 1
# Registers                                            : 25
 Flip-Flops                                            : 25
# Comparators                                          : 1
 17-bit comparator greatequal                          : 1

=========================================================================

=========================================================================
*                         Low Level Synthesis                           *
=========================================================================

Optimizing unit <ShiftRegister> ...

Optimizing unit <Clock_1KHz> ...

Optimizing unit <Shift_SIPO> ...

Mapping all equations...
Building and optimizing final netlist ...
Found area constraint ratio of 100 (+ 5) on block ShiftRegister, actual ratio is 0.

Final Macro Processing ...

=========================================================================
Final Register Report

Macro Statistics
# Registers                                            : 25
 Flip-Flops                                            : 25

=========================================================================

=========================================================================
*                           Partition Report                            *
=========================================================================

Partition Implementation Status
-------------------------------

  No Partitions were found in this design.

-------------------------------

=========================================================================
*                            Final Report                               *
=========================================================================
Final Results
RTL Top Level Output File Name     : ShiftRegister.ngr
Top Level Output File Name         : ShiftRegister
Output Format                      : NGC
Optimization Goal                  : Speed
Keep Hierarchy                     : No

Design Statistics
# IOs                              : 11

Cell Usage :
# BELS                             : 97
#      GND                         : 1
#      INV                         : 4
#      LUT1                        : 17
#      LUT2                        : 19
#      LUT3                        : 8
#      LUT3_L                      : 8
#      LUT4                        : 1
#      MUXCY                       : 22
#      VCC                         : 1
#      XORCY                       : 16
# FlipFlops/Latches                : 25
#      FDC                         : 17
#      FDC_1                       : 7
#      FDP_1                       : 1
# Clock Buffers                    : 1
#      BUFGP                       : 1
# IO Buffers                       : 10
#      IBUF                        : 2
#      OBUF                        : 8
=========================================================================

Device utilization summary:
---------------------------

Selected Device : 3s500efg320-4 

 Number of Slices:                       30  out of   4656     0%  
 Number of Slice Flip Flops:             25  out of   9312     0%  
 Number of 4 input LUTs:                 57  out of   9312     0%  
 Number of IOs:                          11
 Number of bonded IOBs:                  11  out of    232     4%  
 Number of GCLKs:                         1  out of     24     4%  

---------------------------
Partition Resource Summary:
---------------------------

  No Partitions were found in this design.

---------------------------


=========================================================================
TIMING REPORT

NOTE: THESE TIMING NUMBERS ARE ONLY A SYNTHESIS ESTIMATE.
      FOR ACCURATE TIMING INFORMATION PLEASE REFER TO THE TRACE REPORT
      GENERATED AFTER PLACE-and-ROUTE.

Clock Information:
------------------
-----------------------------------+------------------------+-------+
Clock Signal                       | Clock buffer(FF name)  | Load  |
-----------------------------------+------------------------+-------+
clk                                | BUFGP                  | 16    |
clockdivider/r_reg_15              | NONE(SIPO/r_reg_0)     | 8     |
SIPO/load(SIPO/load1:O)            | NONE(*)(SIPO/F0/Q)     | 1     |
-----------------------------------+------------------------+-------+
(*) This 1 clock signal(s) are generated by combinatorial logic,
and XST is not able to identify which are the primary clock signals.
Please use the CLOCK_SIGNAL constraint to specify the clock signal(s) generated by combinatorial logic.
INFO:Xst:2169 - HDL ADVISOR - Some clock signals were not automatically buffered by XST with BUFG/BUFR resources. Please use the buffer_type constraint in order to insert these buffers to the clock signals to help prevent skew problems.

Asynchronous Control Signals Information:
----------------------------------------
-----------------------------------+------------------------+-------+
Control Signal                     | Buffer(FF name)        | Load  |
-----------------------------------+------------------------+-------+
reset                              | IBUF                   | 25    |
-----------------------------------+------------------------+-------+

Timing Summary:
---------------
Speed Grade: -4

   Minimum period: 5.436ns (Maximum Frequency: 183.959MHz)
   Minimum input arrival time before clock: 3.066ns
   Maximum output required time after clock: 4.496ns
   Maximum combinational path delay: No path found

Timing Detail:
--------------
All values displayed in nanoseconds (ns)

=========================================================================
Timing constraint: Default period analysis for Clock 'clk'
  Clock period: 5.436ns (frequency: 183.959MHz)
  Total number of paths / destination ports: 328 / 16
-------------------------------------------------------------------------
Delay:               5.436ns (Levels of Logic = 17)
  Source:            clockdivider/r_reg_1 (FF)
  Destination:       clockdivider/r_reg_15 (FF)
  Source Clock:      clk rising
  Destination Clock: clk rising

  Data Path: clockdivider/r_reg_1 to clockdivider/r_reg_15
                                Gate     Net
    Cell:in->out      fanout   Delay   Delay  Logical Name (Net Name)
    ----------------------------------------  ------------
     FDC:C->Q              1   0.591   0.595  clockdivider/r_reg_1 (clockdivider/r_reg_1)
     LUT1:I0->O            1   0.704   0.000  clockdivider/Madd_r_next_addsub0000_cy<1>_rt (clockdivider/Madd_r_next_addsub0000_cy<1>_rt)
     MUXCY:S->O            1   0.464   0.000  clockdivider/Madd_r_next_addsub0000_cy<1> (clockdivider/Madd_r_next_addsub0000_cy<1>)
     MUXCY:CI->O           1   0.059   0.000  clockdivider/Madd_r_next_addsub0000_cy<2> (clockdivider/Madd_r_next_addsub0000_cy<2>)
     MUXCY:CI->O           1   0.059   0.000  clockdivider/Madd_r_next_addsub0000_cy<3> (clockdivider/Madd_r_next_addsub0000_cy<3>)
     MUXCY:CI->O           1   0.059   0.000  clockdivider/Madd_r_next_addsub0000_cy<4> (clockdivider/Madd_r_next_addsub0000_cy<4>)
     MUXCY:CI->O           1   0.059   0.000  clockdivider/Madd_r_next_addsub0000_cy<5> (clockdivider/Madd_r_next_addsub0000_cy<5>)
     MUXCY:CI->O           1   0.059   0.000  clockdivider/Madd_r_next_addsub0000_cy<6> (clockdivider/Madd_r_next_addsub0000_cy<6>)
     MUXCY:CI->O           1   0.059   0.000  clockdivider/Madd_r_next_addsub0000_cy<7> (clockdivider/Madd_r_next_addsub0000_cy<7>)
     MUXCY:CI->O           1   0.059   0.000  clockdivider/Madd_r_next_addsub0000_cy<8> (clockdivider/Madd_r_next_addsub0000_cy<8>)
     MUXCY:CI->O           1   0.059   0.000  clockdivider/Madd_r_next_addsub0000_cy<9> (clockdivider/Madd_r_next_addsub0000_cy<9>)
     MUXCY:CI->O           1   0.059   0.000  clockdivider/Madd_r_next_addsub0000_cy<10> (clockdivider/Madd_r_next_addsub0000_cy<10>)
     MUXCY:CI->O           1   0.059   0.000  clockdivider/Madd_r_next_addsub0000_cy<11> (clockdivider/Madd_r_next_addsub0000_cy<11>)
     MUXCY:CI->O           1   0.059   0.000  clockdivider/Madd_r_next_addsub0000_cy<12> (clockdivider/Madd_r_next_addsub0000_cy<12>)
     MUXCY:CI->O           1   0.059   0.000  clockdivider/Madd_r_next_addsub0000_cy<13> (clockdivider/Madd_r_next_addsub0000_cy<13>)
     MUXCY:CI->O           0   0.059   0.000  clockdivider/Madd_r_next_addsub0000_cy<14> (clockdivider/Madd_r_next_addsub0000_cy<14>)
     XORCY:CI->O           1   0.804   0.499  clockdivider/Madd_r_next_addsub0000_xor<15> (clockdivider/r_next_addsub0000<15>)
     LUT2:I1->O            1   0.704   0.000  clockdivider/r_next<15>1 (clockdivider/r_next<15>)
     FDC:D                     0.308          clockdivider/r_reg_15
    ----------------------------------------
    Total                      5.436ns (4.342ns logic, 1.094ns route)
                                       (79.9% logic, 20.1% route)

=========================================================================
Timing constraint: Default period analysis for Clock 'clockdivider/r_reg_15'
  Clock period: 3.250ns (frequency: 307.692MHz)
  Total number of paths / destination ports: 24 / 8
-------------------------------------------------------------------------
Delay:               3.250ns (Levels of Logic = 2)
  Source:            SIPO/r_reg_7 (FF)
  Destination:       SIPO/r_reg_0 (FF)
  Source Clock:      clockdivider/r_reg_15 falling
  Destination Clock: clockdivider/r_reg_15 falling

  Data Path: SIPO/r_reg_7 to SIPO/r_reg_0
                                Gate     Net
    Cell:in->out      fanout   Delay   Delay  Logical Name (Net Name)
    ----------------------------------------  ------------
     FDP_1:C->Q            5   0.591   0.808  SIPO/r_reg_7 (SIPO/r_reg_7)
     LUT3_L:I0->LO         1   0.704   0.135  SIPO/r_reg_mux0000<0>_SW0 (N16)
     LUT3:I2->O            1   0.704   0.000  SIPO/r_reg_mux0000<0> (SIPO/r_reg_mux0000<0>)
     FDC_1:D                   0.308          SIPO/r_reg_0
    ----------------------------------------
    Total                      3.250ns (2.307ns logic, 0.943ns route)
                                       (71.0% logic, 29.0% route)

=========================================================================
Timing constraint: Default period analysis for Clock 'SIPO/load'
  Clock period: 2.843ns (frequency: 351.741MHz)
  Total number of paths / destination ports: 1 / 1
-------------------------------------------------------------------------
Delay:               2.843ns (Levels of Logic = 1)
  Source:            SIPO/F0/Q (FF)
  Destination:       SIPO/F0/Q (FF)
  Source Clock:      SIPO/load rising
  Destination Clock: SIPO/load rising

  Data Path: SIPO/F0/Q to SIPO/F0/Q
                                Gate     Net
    Cell:in->out      fanout   Delay   Delay  Logical Name (Net Name)
    ----------------------------------------  ------------
     FDC:C->Q              9   0.591   0.820  SIPO/F0/Q (SIPO/F0/Q)
     INV:I->O              1   0.704   0.420  SIPO/F0/Q_not00011_INV_0 (SIPO/F0/Q_not0001)
     FDC:D                     0.308          SIPO/F0/Q
    ----------------------------------------
    Total                      2.843ns (1.603ns logic, 1.240ns route)
                                       (56.4% logic, 43.6% route)

=========================================================================
Timing constraint: Default OFFSET IN BEFORE for Clock 'clockdivider/r_reg_15'
  Total number of paths / destination ports: 8 / 8
-------------------------------------------------------------------------
Offset:              3.066ns (Levels of Logic = 2)
  Source:            sw (PAD)
  Destination:       SIPO/r_reg_0 (FF)
  Destination Clock: clockdivider/r_reg_15 falling

  Data Path: sw to SIPO/r_reg_0
                                Gate     Net
    Cell:in->out      fanout   Delay   Delay  Logical Name (Net Name)
    ----------------------------------------  ------------
     IBUF:I->O             8   1.218   0.836  sw_IBUF (sw_IBUF)
     LUT3:I1->O            1   0.704   0.000  SIPO/r_reg_mux0000<7> (SIPO/r_reg_mux0000<7>)
     FDP_1:D                   0.308          SIPO/r_reg_7
    ----------------------------------------
    Total                      3.066ns (2.230ns logic, 0.836ns route)
                                       (72.7% logic, 27.3% route)

=========================================================================
Timing constraint: Default OFFSET OUT AFTER for Clock 'clockdivider/r_reg_15'
  Total number of paths / destination ports: 8 / 8
-------------------------------------------------------------------------
Offset:              4.496ns (Levels of Logic = 1)
  Source:            SIPO/r_reg_7 (FF)
  Destination:       q<7> (PAD)
  Source Clock:      clockdivider/r_reg_15 falling

  Data Path: SIPO/r_reg_7 to q<7>
                                Gate     Net
    Cell:in->out      fanout   Delay   Delay  Logical Name (Net Name)
    ----------------------------------------  ------------
     FDP_1:C->Q            5   0.591   0.633  SIPO/r_reg_7 (SIPO/r_reg_7)
     OBUF:I->O                 3.272          q_7_OBUF (q<7>)
    ----------------------------------------
    Total                      4.496ns (3.863ns logic, 0.633ns route)
                                       (85.9% logic, 14.1% route)

=========================================================================


Total REAL time to Xst completion: 4.00 secs
Total CPU time to Xst completion: 3.91 secs
 
--> 

Total memory usage is 4505776 kilobytes

Number of errors   :    0 (   0 filtered)
Number of warnings :    0 (   0 filtered)
Number of infos    :    1 (   0 filtered)

