Running: D:\dowload\xilin\14.7\ISE_DS\ISE\bin\nt64\unwrapped\fuse.exe -intstyle ise -incremental -lib unisims_ver -lib unimacro_ver -lib xilinxcorelib_ver -o D:/dowload/xilin/FullSubtractor4bit/TEST_isim_beh.exe -prj D:/dowload/xilin/FullSubtractor4bit/TEST_beh.prj work.TEST work.glbl 
ISim P.20131013 (signature 0x7708f090)
Number of CPUs detected in this system: 8
Turning on mult-threading, number of parallel sub-compilation jobs: 16 
Determining compilation order of HDL files
Analyzing Verilog file "D:/dowload/xilin/FullSubtractor4bit/FullSubtractor1bit.v" into library work
Analyzing Verilog file "D:/dowload/xilin/FullSubtractor4bit/FullSubtractor4bits.v" into library work
Analyzing Verilog file "D:/dowload/xilin/FullSubtractor4bit/TEST.v" into library work
Analyzing Verilog file "D:/dowload/xilin/14.7/ISE_DS/ISE//verilog/src/glbl.v" into library work
Starting static elaboration
Completed static elaboration
Compiling module FullSubtractor1bit
Compiling module FullSubtractor4bits
Compiling module TEST
Compiling module glbl
Time Resolution for simulation is 1ps.
Waiting for 1 sub-compilation(s) to finish...
WARNING:Simulator - Unable to copy libPortabilityNOSH.dll to the simulation executable directory: boost::filesystem::copy_file: The system cannot find the path specified, "isim\TEST_isim_beh.exe.sim\libPortability.dll".
Compiled 4 Verilog Units
Built simulation executable D:/dowload/xilin/FullSubtractor4bit/TEST_isim_beh.exe
Fuse Memory Usage: 27564 KB
Fuse CPU Usage: 312 ms
