Release 14.7 - xst P.20131013 (nt64)
Copyright (c) 1995-2013 Xilinx, Inc.  All rights reserved.
--> Parameter TMPDIR set to xst/projnav.tmp


Total REAL time to Xst completion: 0.00 secs
Total CPU time to Xst completion: 0.08 secs
 
--> Parameter xsthdpdir set to xst


Total REAL time to Xst completion: 0.00 secs
Total CPU time to Xst completion: 0.08 secs
 
--> Reading design: taomod.prj

TABLE OF CONTENTS
  1) Synthesis Options Summary
  2) HDL Compilation
  3) Design Hierarchy Analysis
  4) HDL Analysis
  5) HDL Synthesis
     5.1) HDL Synthesis Report
  6) Advanced HDL Synthesis
     6.1) Advanced HDL Synthesis Report
  7) Low Level Synthesis
  8) Partition Report
  9) Final Report
	9.1) Device utilization summary
	9.2) Partition Resource Summary
	9.3) TIMING REPORT


=========================================================================
*                      Synthesis Options Summary                        *
=========================================================================
---- Source Parameters
Input File Name                    : "taomod.prj"
Input Format                       : mixed
Ignore Synthesis Constraint File   : NO

---- Target Parameters
Output File Name                   : "taomod"
Output Format                      : NGC
Target Device                      : xc3s500e-4-fg320

---- Source Options
Top Module Name                    : taomod
Automatic FSM Extraction           : YES
FSM Encoding Algorithm             : Auto
Safe Implementation                : No
FSM Style                          : LUT
RAM Extraction                     : Yes
RAM Style                          : Auto
ROM Extraction                     : Yes
Mux Style                          : Auto
Decoder Extraction                 : YES
Priority Encoder Extraction        : Yes
Shift Register Extraction          : YES
Logical Shifter Extraction         : YES
XOR Collapsing                     : YES
ROM Style                          : Auto
Mux Extraction                     : Yes
Resource Sharing                   : YES
Asynchronous To Synchronous        : NO
Multiplier Style                   : Auto
Automatic Register Balancing       : No

---- Target Options
Add IO Buffers                     : YES
Global Maximum Fanout              : 500
Add Generic Clock Buffer(BUFG)     : 24
Register Duplication               : YES
Slice Packing                      : YES
Optimize Instantiated Primitives   : NO
Use Clock Enable                   : Yes
Use Synchronous Set                : Yes
Use Synchronous Reset              : Yes
Pack IO Registers into IOBs        : Auto
Equivalent register Removal        : YES

---- General Options
Optimization Goal                  : Speed
Optimization Effort                : 1
Keep Hierarchy                     : No
Netlist Hierarchy                  : As_Optimized
RTL Output                         : Yes
Global Optimization                : AllClockNets
Read Cores                         : YES
Write Timing Constraints           : NO
Cross Clock Analysis               : NO
Hierarchy Separator                : /
Bus Delimiter                      : <>
Case Specifier                     : Maintain
Slice Utilization Ratio            : 100
BRAM Utilization Ratio             : 100
Verilog 2001                       : YES
Auto BRAM Packing                  : NO
Slice Utilization Ratio Delta      : 5

=========================================================================


=========================================================================
*                          HDL Compilation                              *
=========================================================================
Compiling verilog file "TFF.v" in library work
Compiling verilog file "taomode.v" in library work
Module <TFF> compiled
Module <taomod> compiled
No errors in compilation
Analysis of file <"taomod.prj"> succeeded.
 

=========================================================================
*                     Design Hierarchy Analysis                         *
=========================================================================
Analyzing hierarchy for module <taomod> in library <work>.

Analyzing hierarchy for module <TFF> in library <work>.


=========================================================================
*                            HDL Analysis                               *
=========================================================================
Analyzing top module <taomod>.
Module <taomod> is correct for synthesis.
 
Analyzing module <TFF> in library <work>.
Module <TFF> is correct for synthesis.
 

=========================================================================
*                           HDL Synthesis                               *
=========================================================================

Performing bidirectional port resolution...

Synthesizing Unit <TFF>.
    Related source file is "TFF.v".
    Found 1-bit register for signal <Q>.
    Summary:
	inferred   1 D-type flip-flop(s).
Unit <TFF> synthesized.


Synthesizing Unit <taomod>.
    Related source file is "taomode.v".
    Found 8-bit register for signal <r_reg>.
    Found 1-bit 4-to-1 multiplexer for signal <r_reg_0$mux0000> created at line 39.
    Found 1-bit 4-to-1 multiplexer for signal <r_reg_1$mux0000> created at line 39.
    Found 1-bit 4-to-1 multiplexer for signal <r_reg_2$mux0000> created at line 39.
    Found 1-bit 4-to-1 multiplexer for signal <r_reg_3$mux0000> created at line 39.
    Found 1-bit 4-to-1 multiplexer for signal <r_reg_4$mux0000> created at line 39.
    Found 1-bit 4-to-1 multiplexer for signal <r_reg_5$mux0000> created at line 39.
    Found 1-bit 4-to-1 multiplexer for signal <r_reg_6$mux0000> created at line 39.
    Found 1-bit 4-to-1 multiplexer for signal <r_reg_7$mux0000> created at line 39.
    Found 1-bit adder for signal <temp>.
    Summary:
	inferred   8 D-type flip-flop(s).
	inferred   1 Adder/Subtractor(s).
	inferred   8 Multiplexer(s).
Unit <taomod> synthesized.


=========================================================================
HDL Synthesis Report

Macro Statistics
# Adders/Subtractors                                   : 1
 1-bit adder                                           : 1
# Registers                                            : 9
 1-bit register                                        : 9
# Multiplexers                                         : 8
 1-bit 4-to-1 multiplexer                              : 8

=========================================================================

=========================================================================
*                       Advanced HDL Synthesis                          *
=========================================================================


=========================================================================
Advanced HDL Synthesis Report

Macro Statistics
# Adders/Subtractors                                   : 1
 1-bit adder                                           : 1
# Registers                                            : 9
 Flip-Flops                                            : 9
# Multiplexers                                         : 8
 1-bit 4-to-1 multiplexer                              : 8

=========================================================================

=========================================================================
*                         Low Level Synthesis                           *
=========================================================================

Optimizing unit <taomod> ...

Mapping all equations...
Building and optimizing final netlist ...
Found area constraint ratio of 100 (+ 5) on block taomod, actual ratio is 0.

Final Macro Processing ...

=========================================================================
Final Register Report

Macro Statistics
# Registers                                            : 9
 Flip-Flops                                            : 9

=========================================================================

=========================================================================
*                           Partition Report                            *
=========================================================================

Partition Implementation Status
-------------------------------

  No Partitions were found in this design.

-------------------------------

=========================================================================
*                            Final Report                               *
=========================================================================
Final Results
RTL Top Level Output File Name     : taomod.ngr
Top Level Output File Name         : taomod
Output Format                      : NGC
Optimization Goal                  : Speed
Keep Hierarchy                     : No

Design Statistics
# IOs                              : 12

Cell Usage :
# BELS                             : 29
#      GND                         : 1
#      INV                         : 1
#      LUT2                        : 3
#      LUT3                        : 8
#      LUT4                        : 8
#      MUXF5                       : 8
# FlipFlops/Latches                : 9
#      FDC                         : 1
#      FDCP_1                      : 8
# Clock Buffers                    : 1
#      BUFGP                       : 1
# IO Buffers                       : 11
#      IBUF                        : 3
#      OBUF                        : 8
=========================================================================

Device utilization summary:
---------------------------

Selected Device : 3s500efg320-4 

 Number of Slices:                       10  out of   4656     0%  
 Number of Slice Flip Flops:              9  out of   9312     0%  
 Number of 4 input LUTs:                 20  out of   9312     0%  
 Number of IOs:                          12
 Number of bonded IOBs:                  12  out of    232     5%  
 Number of GCLKs:                         1  out of     24     4%  

---------------------------
Partition Resource Summary:
---------------------------

  No Partitions were found in this design.

---------------------------


=========================================================================
TIMING REPORT

NOTE: THESE TIMING NUMBERS ARE ONLY A SYNTHESIS ESTIMATE.
      FOR ACCURATE TIMING INFORMATION PLEASE REFER TO THE TRACE REPORT
      GENERATED AFTER PLACE-and-ROUTE.

Clock Information:
------------------
-------------------------------------+------------------------+-------+
Clock Signal                         | Clock buffer(FF name)  | Load  |
-------------------------------------+------------------------+-------+
clk                                  | BUFGP                  | 8     |
Madd_temp_lut<0>(Madd_temp_lut<0>1:O)| NONE(*)(F0/Q)          | 1     |
-------------------------------------+------------------------+-------+
(*) This 1 clock signal(s) are generated by combinatorial logic,
and XST is not able to identify which are the primary clock signals.
Please use the CLOCK_SIGNAL constraint to specify the clock signal(s) generated by combinatorial logic.
INFO:Xst:2169 - HDL ADVISOR - Some clock signals were not automatically buffered by XST with BUFG/BUFR resources. Please use the buffer_type constraint in order to insert these buffers to the clock signals to help prevent skew problems.

Asynchronous Control Signals Information:
----------------------------------------
-----------------------------------+------------------------+-------+
Control Signal                     | Buffer(FF name)        | Load  |
-----------------------------------+------------------------+-------+
reset                              | IBUF                   | 8     |
N0(XST_GND:G)                      | NONE(r_reg_0)          | 7     |
r_reg_7_and0000(r_reg_7_and00001:O)| NONE(r_reg_7)          | 1     |
r_reg_7_and0001(r_reg_7_and00011:O)| NONE(r_reg_7)          | 1     |
-----------------------------------+------------------------+-------+

Timing Summary:
---------------
Speed Grade: -4

   Minimum period: 2.843ns (Maximum Frequency: 351.741MHz)
   Minimum input arrival time before clock: 3.760ns
   Maximum output required time after clock: 4.532ns
   Maximum combinational path delay: No path found

Timing Detail:
--------------
All values displayed in nanoseconds (ns)

=========================================================================
Timing constraint: Default period analysis for Clock 'clk'
  Clock period: 2.672ns (frequency: 374.251MHz)
  Total number of paths / destination ports: 32 / 8
-------------------------------------------------------------------------
Delay:               2.672ns (Levels of Logic = 2)
  Source:            r_reg_0 (FF)
  Destination:       r_reg_7 (FF)
  Source Clock:      clk falling
  Destination Clock: clk falling

  Data Path: r_reg_0 to r_reg_7
                                Gate     Net
    Cell:in->out      fanout   Delay   Delay  Logical Name (Net Name)
    ----------------------------------------  ------------
     FDCP_1:C->Q           6   0.591   0.748  r_reg_0 (r_reg_0)
     LUT3:I1->O            1   0.704   0.000  Mmux_r_reg_7_mux0000_4 (Mmux_r_reg_7_mux0000_4)
     MUXF5:I0->O           1   0.321   0.000  Mmux_r_reg_7_mux0000_2_f5 (r_reg_7_mux0000)
     FDCP_1:D                  0.308          r_reg_7
    ----------------------------------------
    Total                      2.672ns (1.924ns logic, 0.748ns route)
                                       (72.0% logic, 28.0% route)

=========================================================================
Timing constraint: Default period analysis for Clock 'Madd_temp_lut<0>'
  Clock period: 2.843ns (frequency: 351.741MHz)
  Total number of paths / destination ports: 1 / 1
-------------------------------------------------------------------------
Delay:               2.843ns (Levels of Logic = 1)
  Source:            F0/Q (FF)
  Destination:       F0/Q (FF)
  Source Clock:      Madd_temp_lut<0> rising
  Destination Clock: Madd_temp_lut<0> rising

  Data Path: F0/Q to F0/Q
                                Gate     Net
    Cell:in->out      fanout   Delay   Delay  Logical Name (Net Name)
    ----------------------------------------  ------------
     FDC:C->Q              9   0.591   0.820  F0/Q (F0/Q)
     INV:I->O              1   0.704   0.420  F0/Q_not00011_INV_0 (F0/Q_not0001)
     FDC:D                     0.308          F0/Q
    ----------------------------------------
    Total                      2.843ns (1.603ns logic, 1.240ns route)
                                       (56.4% logic, 43.6% route)

=========================================================================
Timing constraint: Default OFFSET IN BEFORE for Clock 'clk'
  Total number of paths / destination ports: 24 / 8
-------------------------------------------------------------------------
Offset:              3.760ns (Levels of Logic = 3)
  Source:            MODE<0> (PAD)
  Destination:       r_reg_7 (FF)
  Destination Clock: clk falling

  Data Path: MODE<0> to r_reg_7
                                Gate     Net
    Cell:in->out      fanout   Delay   Delay  Logical Name (Net Name)
    ----------------------------------------  ------------
     IBUF:I->O            16   1.218   1.209  MODE_0_IBUF (MODE_0_IBUF)
     LUT4:I0->O            1   0.704   0.000  Mmux_r_reg_7_mux0000_3 (Mmux_r_reg_7_mux0000_3)
     MUXF5:I1->O           1   0.321   0.000  Mmux_r_reg_7_mux0000_2_f5 (r_reg_7_mux0000)
     FDCP_1:D                  0.308          r_reg_7
    ----------------------------------------
    Total                      3.760ns (2.551ns logic, 1.209ns route)
                                       (67.8% logic, 32.2% route)

=========================================================================
Timing constraint: Default OFFSET OUT AFTER for Clock 'clk'
  Total number of paths / destination ports: 8 / 8
-------------------------------------------------------------------------
Offset:              4.532ns (Levels of Logic = 1)
  Source:            r_reg_7 (FF)
  Destination:       r_reg<7> (PAD)
  Source Clock:      clk falling

  Data Path: r_reg_7 to r_reg<7>
                                Gate     Net
    Cell:in->out      fanout   Delay   Delay  Logical Name (Net Name)
    ----------------------------------------  ------------
     FDCP_1:C->Q           6   0.591   0.669  r_reg_7 (r_reg_7)
     OBUF:I->O                 3.272          r_reg_7_OBUF (r_reg<7>)
    ----------------------------------------
    Total                      4.532ns (3.863ns logic, 0.669ns route)
                                       (85.2% logic, 14.8% route)

=========================================================================


Total REAL time to Xst completion: 4.00 secs
Total CPU time to Xst completion: 3.51 secs
 
--> 

Total memory usage is 4505720 kilobytes

Number of errors   :    0 (   0 filtered)
Number of warnings :    0 (   0 filtered)
Number of infos    :    1 (   0 filtered)

