Release 14.7 - xst P.20131013 (nt64)
Copyright (c) 1995-2013 Xilinx, Inc.  All rights reserved.
--> Parameter TMPDIR set to xst/projnav.tmp


Total REAL time to Xst completion: 0.00 secs
Total CPU time to Xst completion: 0.08 secs
 
--> Parameter xsthdpdir set to xst


Total REAL time to Xst completion: 0.00 secs
Total CPU time to Xst completion: 0.09 secs
 
--> Reading design: Clock_div.prj

TABLE OF CONTENTS
  1) Synthesis Options Summary
  2) HDL Compilation
  3) Design Hierarchy Analysis
  4) HDL Analysis
  5) HDL Synthesis
     5.1) HDL Synthesis Report
  6) Advanced HDL Synthesis
     6.1) Advanced HDL Synthesis Report
  7) Low Level Synthesis
  8) Partition Report
  9) Final Report
	9.1) Device utilization summary
	9.2) Partition Resource Summary
	9.3) TIMING REPORT


=========================================================================
*                      Synthesis Options Summary                        *
=========================================================================
---- Source Parameters
Input File Name                    : "Clock_div.prj"
Input Format                       : mixed
Ignore Synthesis Constraint File   : NO

---- Target Parameters
Output File Name                   : "Clock_div"
Output Format                      : NGC
Target Device                      : xc3s500e-4-fg320

---- Source Options
Top Module Name                    : Clock_div
Automatic FSM Extraction           : YES
FSM Encoding Algorithm             : Auto
Safe Implementation                : No
FSM Style                          : LUT
RAM Extraction                     : Yes
RAM Style                          : Auto
ROM Extraction                     : Yes
Mux Style                          : Auto
Decoder Extraction                 : YES
Priority Encoder Extraction        : Yes
Shift Register Extraction          : YES
Logical Shifter Extraction         : YES
XOR Collapsing                     : YES
ROM Style                          : Auto
Mux Extraction                     : Yes
Resource Sharing                   : YES
Asynchronous To Synchronous        : NO
Multiplier Style                   : Auto
Automatic Register Balancing       : No

---- Target Options
Add IO Buffers                     : YES
Global Maximum Fanout              : 500
Add Generic Clock Buffer(BUFG)     : 24
Register Duplication               : YES
Slice Packing                      : YES
Optimize Instantiated Primitives   : NO
Use Clock Enable                   : Yes
Use Synchronous Set                : Yes
Use Synchronous Reset              : Yes
Pack IO Registers into IOBs        : Auto
Equivalent register Removal        : YES

---- General Options
Optimization Goal                  : Speed
Optimization Effort                : 1
Keep Hierarchy                     : No
Netlist Hierarchy                  : As_Optimized
RTL Output                         : Yes
Global Optimization                : AllClockNets
Read Cores                         : YES
Write Timing Constraints           : NO
Cross Clock Analysis               : NO
Hierarchy Separator                : /
Bus Delimiter                      : <>
Case Specifier                     : Maintain
Slice Utilization Ratio            : 100
BRAM Utilization Ratio             : 100
Verilog 2001                       : YES
Auto BRAM Packing                  : NO
Slice Utilization Ratio Delta      : 5

=========================================================================


=========================================================================
*                          HDL Compilation                              *
=========================================================================
Compiling verilog file "Clock_div.v" in library work
Module <Clock_div> compiled
No errors in compilation
Analysis of file <"Clock_div.prj"> succeeded.
 

=========================================================================
*                     Design Hierarchy Analysis                         *
=========================================================================
Analyzing hierarchy for module <Clock_div> in library <work> with parameters.
	M = "00011101110011010110010100000000"
	N = "00000000000000000000000000011110"


=========================================================================
*                            HDL Analysis                               *
=========================================================================
Analyzing top module <Clock_div>.
	M = 32'sb00011101110011010110010100000000
	N = 32'sb00000000000000000000000000011110
Module <Clock_div> is correct for synthesis.
 

=========================================================================
*                           HDL Synthesis                               *
=========================================================================

Performing bidirectional port resolution...

Synthesizing Unit <Clock_div>.
    Related source file is "Clock_div.v".
    Found 30-bit comparator less for signal <q_0$cmp_lt0000> created at line 48.
    Found 30-bit comparator less for signal <q_1$cmp_lt0000> created at line 47.
    Found 30-bit comparator less for signal <q_2$cmp_lt0000> created at line 46.
    Found 30-bit comparator less for signal <q_3$cmp_lt0000> created at line 45.
    Found 30-bit adder for signal <r_next01H$addsub0000> created at line 41.
    Found 30-bit adder for signal <r_next100H$addsub0000> created at line 44.
    Found 30-bit adder for signal <r_next10H$addsub0000> created at line 43.
    Found 30-bit adder for signal <r_next1H$addsub0000> created at line 42.
    Found 30-bit register for signal <r_reg01H>.
    Found 30-bit register for signal <r_reg100H>.
    Found 30-bit register for signal <r_reg10H>.
    Found 30-bit register for signal <r_reg1H>.
    Summary:
	inferred 120 D-type flip-flop(s).
	inferred   4 Adder/Subtractor(s).
	inferred   4 Comparator(s).
Unit <Clock_div> synthesized.


=========================================================================
HDL Synthesis Report

Macro Statistics
# Adders/Subtractors                                   : 4
 30-bit adder                                          : 4
# Registers                                            : 4
 30-bit register                                       : 4
# Comparators                                          : 4
 30-bit comparator less                                : 4

=========================================================================

=========================================================================
*                       Advanced HDL Synthesis                          *
=========================================================================


=========================================================================
Advanced HDL Synthesis Report

Macro Statistics
# Adders/Subtractors                                   : 4
 30-bit adder                                          : 4
# Registers                                            : 120
 Flip-Flops                                            : 120
# Comparators                                          : 4
 30-bit comparator less                                : 4

=========================================================================

=========================================================================
*                         Low Level Synthesis                           *
=========================================================================

Optimizing unit <Clock_div> ...

Mapping all equations...
Building and optimizing final netlist ...
Found area constraint ratio of 100 (+ 5) on block Clock_div, actual ratio is 3.

Final Macro Processing ...

=========================================================================
Final Register Report

Macro Statistics
# Registers                                            : 120
 Flip-Flops                                            : 120

=========================================================================

=========================================================================
*                           Partition Report                            *
=========================================================================

Partition Implementation Status
-------------------------------

  No Partitions were found in this design.

-------------------------------

=========================================================================
*                            Final Report                               *
=========================================================================
Final Results
RTL Top Level Output File Name     : Clock_div.ngr
Top Level Output File Name         : Clock_div
Output Format                      : NGC
Optimization Goal                  : Speed
Keep Hierarchy                     : No

Design Statistics
# IOs                              : 6

Cell Usage :
# BELS                             : 640
#      GND                         : 1
#      INV                         : 15
#      LUT1                        : 130
#      LUT2                        : 134
#      LUT3                        : 3
#      LUT4                        : 39
#      MUXCY                       : 197
#      VCC                         : 1
#      XORCY                       : 120
# FlipFlops/Latches                : 120
#      FDC                         : 120
# Clock Buffers                    : 1
#      BUFGP                       : 1
# IO Buffers                       : 5
#      IBUF                        : 1
#      OBUF                        : 4
=========================================================================

Device utilization summary:
---------------------------

Selected Device : 3s500efg320-4 

 Number of Slices:                      170  out of   4656     3%  
 Number of Slice Flip Flops:            120  out of   9312     1%  
 Number of 4 input LUTs:                321  out of   9312     3%  
 Number of IOs:                           6
 Number of bonded IOBs:                   6  out of    232     2%  
 Number of GCLKs:                         1  out of     24     4%  

---------------------------
Partition Resource Summary:
---------------------------

  No Partitions were found in this design.

---------------------------


=========================================================================
TIMING REPORT

NOTE: THESE TIMING NUMBERS ARE ONLY A SYNTHESIS ESTIMATE.
      FOR ACCURATE TIMING INFORMATION PLEASE REFER TO THE TRACE REPORT
      GENERATED AFTER PLACE-and-ROUTE.

Clock Information:
------------------
-----------------------------------+------------------------+-------+
Clock Signal                       | Clock buffer(FF name)  | Load  |
-----------------------------------+------------------------+-------+
clk                                | BUFGP                  | 120   |
-----------------------------------+------------------------+-------+

Asynchronous Control Signals Information:
----------------------------------------
-----------------------------------+------------------------+-------+
Control Signal                     | Buffer(FF name)        | Load  |
-----------------------------------+------------------------+-------+
reset                              | IBUF                   | 120   |
-----------------------------------+------------------------+-------+

Timing Summary:
---------------
Speed Grade: -4

   Minimum period: 6.289ns (Maximum Frequency: 159.008MHz)
   Minimum input arrival time before clock: No path found
   Maximum output required time after clock: 7.324ns
   Maximum combinational path delay: No path found

Timing Detail:
--------------
All values displayed in nanoseconds (ns)

=========================================================================
Timing constraint: Default period analysis for Clock 'clk'
  Clock period: 6.289ns (frequency: 159.008MHz)
  Total number of paths / destination ports: 5460 / 120
-------------------------------------------------------------------------
Delay:               6.289ns (Levels of Logic = 31)
  Source:            r_reg10H_1 (FF)
  Destination:       r_reg10H_29 (FF)
  Source Clock:      clk rising
  Destination Clock: clk rising

  Data Path: r_reg10H_1 to r_reg10H_29
                                Gate     Net
    Cell:in->out      fanout   Delay   Delay  Logical Name (Net Name)
    ----------------------------------------  ------------
     FDC:C->Q              2   0.591   0.622  r_reg10H_1 (r_reg10H_1)
     LUT1:I0->O            1   0.704   0.000  Madd_r_next10H_addsub0000_cy<1>_rt (Madd_r_next10H_addsub0000_cy<1>_rt)
     MUXCY:S->O            1   0.464   0.000  Madd_r_next10H_addsub0000_cy<1> (Madd_r_next10H_addsub0000_cy<1>)
     MUXCY:CI->O           1   0.059   0.000  Madd_r_next10H_addsub0000_cy<2> (Madd_r_next10H_addsub0000_cy<2>)
     MUXCY:CI->O           1   0.059   0.000  Madd_r_next10H_addsub0000_cy<3> (Madd_r_next10H_addsub0000_cy<3>)
     MUXCY:CI->O           1   0.059   0.000  Madd_r_next10H_addsub0000_cy<4> (Madd_r_next10H_addsub0000_cy<4>)
     MUXCY:CI->O           1   0.059   0.000  Madd_r_next10H_addsub0000_cy<5> (Madd_r_next10H_addsub0000_cy<5>)
     MUXCY:CI->O           1   0.059   0.000  Madd_r_next10H_addsub0000_cy<6> (Madd_r_next10H_addsub0000_cy<6>)
     MUXCY:CI->O           1   0.059   0.000  Madd_r_next10H_addsub0000_cy<7> (Madd_r_next10H_addsub0000_cy<7>)
     MUXCY:CI->O           1   0.059   0.000  Madd_r_next10H_addsub0000_cy<8> (Madd_r_next10H_addsub0000_cy<8>)
     MUXCY:CI->O           1   0.059   0.000  Madd_r_next10H_addsub0000_cy<9> (Madd_r_next10H_addsub0000_cy<9>)
     MUXCY:CI->O           1   0.059   0.000  Madd_r_next10H_addsub0000_cy<10> (Madd_r_next10H_addsub0000_cy<10>)
     MUXCY:CI->O           1   0.059   0.000  Madd_r_next10H_addsub0000_cy<11> (Madd_r_next10H_addsub0000_cy<11>)
     MUXCY:CI->O           1   0.059   0.000  Madd_r_next10H_addsub0000_cy<12> (Madd_r_next10H_addsub0000_cy<12>)
     MUXCY:CI->O           1   0.059   0.000  Madd_r_next10H_addsub0000_cy<13> (Madd_r_next10H_addsub0000_cy<13>)
     MUXCY:CI->O           1   0.059   0.000  Madd_r_next10H_addsub0000_cy<14> (Madd_r_next10H_addsub0000_cy<14>)
     MUXCY:CI->O           1   0.059   0.000  Madd_r_next10H_addsub0000_cy<15> (Madd_r_next10H_addsub0000_cy<15>)
     MUXCY:CI->O           1   0.059   0.000  Madd_r_next10H_addsub0000_cy<16> (Madd_r_next10H_addsub0000_cy<16>)
     MUXCY:CI->O           1   0.059   0.000  Madd_r_next10H_addsub0000_cy<17> (Madd_r_next10H_addsub0000_cy<17>)
     MUXCY:CI->O           1   0.059   0.000  Madd_r_next10H_addsub0000_cy<18> (Madd_r_next10H_addsub0000_cy<18>)
     MUXCY:CI->O           1   0.059   0.000  Madd_r_next10H_addsub0000_cy<19> (Madd_r_next10H_addsub0000_cy<19>)
     MUXCY:CI->O           1   0.059   0.000  Madd_r_next10H_addsub0000_cy<20> (Madd_r_next10H_addsub0000_cy<20>)
     MUXCY:CI->O           1   0.059   0.000  Madd_r_next10H_addsub0000_cy<21> (Madd_r_next10H_addsub0000_cy<21>)
     MUXCY:CI->O           1   0.059   0.000  Madd_r_next10H_addsub0000_cy<22> (Madd_r_next10H_addsub0000_cy<22>)
     MUXCY:CI->O           1   0.059   0.000  Madd_r_next10H_addsub0000_cy<23> (Madd_r_next10H_addsub0000_cy<23>)
     MUXCY:CI->O           1   0.059   0.000  Madd_r_next10H_addsub0000_cy<24> (Madd_r_next10H_addsub0000_cy<24>)
     MUXCY:CI->O           1   0.059   0.000  Madd_r_next10H_addsub0000_cy<25> (Madd_r_next10H_addsub0000_cy<25>)
     MUXCY:CI->O           1   0.059   0.000  Madd_r_next10H_addsub0000_cy<26> (Madd_r_next10H_addsub0000_cy<26>)
     MUXCY:CI->O           1   0.059   0.000  Madd_r_next10H_addsub0000_cy<27> (Madd_r_next10H_addsub0000_cy<27>)
     MUXCY:CI->O           0   0.059   0.000  Madd_r_next10H_addsub0000_cy<28> (Madd_r_next10H_addsub0000_cy<28>)
     XORCY:CI->O           1   0.804   0.499  Madd_r_next10H_addsub0000_xor<29> (r_next10H_addsub0000<29>)
     LUT2:I1->O            1   0.704   0.000  r_next10H<29>1 (r_next10H<29>)
     FDC:D                     0.308          r_reg10H_29
    ----------------------------------------
    Total                      6.289ns (5.168ns logic, 1.121ns route)
                                       (82.2% logic, 17.8% route)

=========================================================================
Timing constraint: Default OFFSET OUT AFTER for Clock 'clk'
  Total number of paths / destination ports: 98 / 4
-------------------------------------------------------------------------
Offset:              7.324ns (Levels of Logic = 16)
  Source:            r_reg01H_7 (FF)
  Destination:       q<3> (PAD)
  Source Clock:      clk rising

  Data Path: r_reg01H_7 to q<3>
                                Gate     Net
    Cell:in->out      fanout   Delay   Delay  Logical Name (Net Name)
    ----------------------------------------  ------------
     FDC:C->Q              3   0.591   0.706  r_reg01H_7 (r_reg01H_7)
     LUT1:I0->O            1   0.704   0.000  Mcompar_q_3_cmp_lt0000_cy<0>_rt (Mcompar_q_3_cmp_lt0000_cy<0>_rt)
     MUXCY:S->O            1   0.464   0.000  Mcompar_q_3_cmp_lt0000_cy<0> (Mcompar_q_3_cmp_lt0000_cy<0>)
     MUXCY:CI->O           1   0.059   0.000  Mcompar_q_3_cmp_lt0000_cy<1> (Mcompar_q_3_cmp_lt0000_cy<1>)
     MUXCY:CI->O           1   0.059   0.000  Mcompar_q_3_cmp_lt0000_cy<2> (Mcompar_q_3_cmp_lt0000_cy<2>)
     MUXCY:CI->O           1   0.059   0.000  Mcompar_q_3_cmp_lt0000_cy<3> (Mcompar_q_3_cmp_lt0000_cy<3>)
     MUXCY:CI->O           1   0.059   0.000  Mcompar_q_3_cmp_lt0000_cy<4> (Mcompar_q_3_cmp_lt0000_cy<4>)
     MUXCY:CI->O           1   0.059   0.000  Mcompar_q_3_cmp_lt0000_cy<5> (Mcompar_q_3_cmp_lt0000_cy<5>)
     MUXCY:CI->O           1   0.059   0.000  Mcompar_q_3_cmp_lt0000_cy<6> (Mcompar_q_3_cmp_lt0000_cy<6>)
     MUXCY:CI->O           1   0.059   0.000  Mcompar_q_3_cmp_lt0000_cy<7> (Mcompar_q_3_cmp_lt0000_cy<7>)
     MUXCY:CI->O           1   0.059   0.000  Mcompar_q_3_cmp_lt0000_cy<8> (Mcompar_q_3_cmp_lt0000_cy<8>)
     MUXCY:CI->O           1   0.059   0.000  Mcompar_q_3_cmp_lt0000_cy<9> (Mcompar_q_3_cmp_lt0000_cy<9>)
     MUXCY:CI->O           1   0.059   0.000  Mcompar_q_3_cmp_lt0000_cy<10> (Mcompar_q_3_cmp_lt0000_cy<10>)
     MUXCY:CI->O           1   0.059   0.000  Mcompar_q_3_cmp_lt0000_cy<11> (Mcompar_q_3_cmp_lt0000_cy<11>)
     MUXCY:CI->O           1   0.059   0.000  Mcompar_q_3_cmp_lt0000_cy<12> (Mcompar_q_3_cmp_lt0000_cy<12>)
     MUXCY:CI->O           1   0.459   0.420  Mcompar_q_3_cmp_lt0000_cy<13> (Mcompar_q_3_cmp_lt0000_cy<13>)
     OBUF:I->O                 3.272          q_3_OBUF (q<3>)
    ----------------------------------------
    Total                      7.324ns (6.198ns logic, 1.126ns route)
                                       (84.6% logic, 15.4% route)

=========================================================================


Total REAL time to Xst completion: 4.00 secs
Total CPU time to Xst completion: 4.50 secs
 
--> 

Total memory usage is 4521988 kilobytes

Number of errors   :    0 (   0 filtered)
Number of warnings :    0 (   0 filtered)
Number of infos    :    0 (   0 filtered)

