Release 14.7 - xst P.20131013 (nt64)
Copyright (c) 1995-2013 Xilinx, Inc.  All rights reserved.
--> Parameter TMPDIR set to xst/projnav.tmp


Total REAL time to Xst completion: 0.00 secs
Total CPU time to Xst completion: 0.08 secs
 
--> Parameter xsthdpdir set to xst


Total REAL time to Xst completion: 0.00 secs
Total CPU time to Xst completion: 0.08 secs
 
--> Reading design: CounterUD.prj

TABLE OF CONTENTS
  1) Synthesis Options Summary
  2) HDL Compilation
  3) Design Hierarchy Analysis
  4) HDL Analysis
  5) HDL Synthesis
     5.1) HDL Synthesis Report
  6) Advanced HDL Synthesis
     6.1) Advanced HDL Synthesis Report
  7) Low Level Synthesis
  8) Partition Report
  9) Final Report
	9.1) Device utilization summary
	9.2) Partition Resource Summary
	9.3) TIMING REPORT


=========================================================================
*                      Synthesis Options Summary                        *
=========================================================================
---- Source Parameters
Input File Name                    : "CounterUD.prj"
Input Format                       : mixed
Ignore Synthesis Constraint File   : NO

---- Target Parameters
Output File Name                   : "CounterUD"
Output Format                      : NGC
Target Device                      : xc3s500e-4-fg320

---- Source Options
Top Module Name                    : CounterUD
Automatic FSM Extraction           : YES
FSM Encoding Algorithm             : Auto
Safe Implementation                : No
FSM Style                          : LUT
RAM Extraction                     : Yes
RAM Style                          : Auto
ROM Extraction                     : Yes
Mux Style                          : Auto
Decoder Extraction                 : YES
Priority Encoder Extraction        : Yes
Shift Register Extraction          : YES
Logical Shifter Extraction         : YES
XOR Collapsing                     : YES
ROM Style                          : Auto
Mux Extraction                     : Yes
Resource Sharing                   : YES
Asynchronous To Synchronous        : NO
Multiplier Style                   : Auto
Automatic Register Balancing       : No

---- Target Options
Add IO Buffers                     : YES
Global Maximum Fanout              : 500
Add Generic Clock Buffer(BUFG)     : 24
Register Duplication               : YES
Slice Packing                      : YES
Optimize Instantiated Primitives   : NO
Use Clock Enable                   : Yes
Use Synchronous Set                : Yes
Use Synchronous Reset              : Yes
Pack IO Registers into IOBs        : Auto
Equivalent register Removal        : YES

---- General Options
Optimization Goal                  : Speed
Optimization Effort                : 1
Keep Hierarchy                     : No
Netlist Hierarchy                  : As_Optimized
RTL Output                         : Yes
Global Optimization                : AllClockNets
Read Cores                         : YES
Write Timing Constraints           : NO
Cross Clock Analysis               : NO
Hierarchy Separator                : /
Bus Delimiter                      : <>
Case Specifier                     : Maintain
Slice Utilization Ratio            : 100
BRAM Utilization Ratio             : 100
Verilog 2001                       : YES
Auto BRAM Packing                  : NO
Slice Utilization Ratio Delta      : 5

=========================================================================


=========================================================================
*                          HDL Compilation                              *
=========================================================================
Compiling verilog file "mux8to1.v" in library work
Compiling verilog file "dem8bit.v" in library work
Module <mux8to1> compiled
Compiling verilog file "chia8xung.v" in library work
Module <dem8bit> compiled
Compiling verilog file "CounterUD.v" in library work
Module <chia8xung> compiled
Module <CounterUD> compiled
No errors in compilation
Analysis of file <"CounterUD.prj"> succeeded.
 

=========================================================================
*                     Design Hierarchy Analysis                         *
=========================================================================
Analyzing hierarchy for module <CounterUD> in library <work>.

Analyzing hierarchy for module <chia8xung> in library <work> with parameters.
	M = "00011101110011010110010100000000"
	N = "00000000000000000000000000011110"

Analyzing hierarchy for module <mux8to1> in library <work>.

Analyzing hierarchy for module <dem8bit> in library <work> with parameters.
	N = "00000000000000000000000000001000"


=========================================================================
*                            HDL Analysis                               *
=========================================================================
Analyzing top module <CounterUD>.
Module <CounterUD> is correct for synthesis.
 
Analyzing module <chia8xung> in library <work>.
	M = 32'sb00011101110011010110010100000000
	N = 32'sb00000000000000000000000000011110
Module <chia8xung> is correct for synthesis.
 
Analyzing module <mux8to1> in library <work>.
Module <mux8to1> is correct for synthesis.
 
Analyzing module <dem8bit> in library <work>.
	N = 32'sb00000000000000000000000000001000
Module <dem8bit> is correct for synthesis.
 

=========================================================================
*                           HDL Synthesis                               *
=========================================================================

Performing bidirectional port resolution...

Synthesizing Unit <chia8xung>.
    Related source file is "chia8xung.v".
    Found 30-bit comparator less for signal <q_0$cmp_lt0000> created at line 65.
    Found 30-bit comparator less for signal <q_1$cmp_lt0000> created at line 64.
    Found 30-bit comparator less for signal <q_2$cmp_lt0000> created at line 63.
    Found 30-bit comparator less for signal <q_3$cmp_lt0000> created at line 62.
    Found 30-bit comparator less for signal <q_4$cmp_lt0000> created at line 61.
    Found 30-bit comparator less for signal <q_5$cmp_lt0000> created at line 60.
    Found 30-bit comparator less for signal <q_6$cmp_lt0000> created at line 59.
    Found 30-bit comparator less for signal <q_7$cmp_lt0000> created at line 58.
    Found 30-bit adder for signal <r_next01H$addsub0000> created at line 50.
    Found 30-bit adder for signal <r_next1000000H$addsub0000> created at line 57.
    Found 30-bit adder for signal <r_next100000H$addsub0000> created at line 56.
    Found 30-bit adder for signal <r_next10000H$addsub0000> created at line 55.
    Found 30-bit adder for signal <r_next1000H$addsub0000> created at line 54.
    Found 30-bit adder for signal <r_next100H$addsub0000> created at line 53.
    Found 30-bit adder for signal <r_next10H$addsub0000> created at line 52.
    Found 30-bit adder for signal <r_next1H$addsub0000> created at line 51.
    Found 30-bit register for signal <r_reg01H>.
    Found 30-bit register for signal <r_reg1000000H>.
    Found 30-bit register for signal <r_reg100000H>.
    Found 30-bit register for signal <r_reg10000H>.
    Found 30-bit register for signal <r_reg1000H>.
    Found 30-bit register for signal <r_reg100H>.
    Found 30-bit register for signal <r_reg10H>.
    Found 30-bit register for signal <r_reg1H>.
    Summary:
	inferred 240 D-type flip-flop(s).
	inferred   8 Adder/Subtractor(s).
	inferred   8 Comparator(s).
Unit <chia8xung> synthesized.


Synthesizing Unit <mux8to1>.
    Related source file is "mux8to1.v".
Unit <mux8to1> synthesized.


Synthesizing Unit <dem8bit>.
    Related source file is "dem8bit.v".
    Found 8-bit addsub for signal <r_next>.
    Found 8-bit register for signal <r_reg>.
    Summary:
	inferred   8 D-type flip-flop(s).
	inferred   1 Adder/Subtractor(s).
Unit <dem8bit> synthesized.


Synthesizing Unit <CounterUD>.
    Related source file is "CounterUD.v".
Unit <CounterUD> synthesized.

INFO:Xst:1767 - HDL ADVISOR - Resource sharing has identified that some arithmetic operations in this design can share the same physical resources for reduced device utilization. For improved clock frequency you may try to disable resource sharing.

=========================================================================
HDL Synthesis Report

Macro Statistics
# Adders/Subtractors                                   : 9
 30-bit adder                                          : 8
 8-bit addsub                                          : 1
# Registers                                            : 9
 30-bit register                                       : 8
 8-bit register                                        : 1
# Comparators                                          : 8
 30-bit comparator less                                : 8

=========================================================================

=========================================================================
*                       Advanced HDL Synthesis                          *
=========================================================================


=========================================================================
Advanced HDL Synthesis Report

Macro Statistics
# Adders/Subtractors                                   : 9
 30-bit adder                                          : 8
 8-bit addsub                                          : 1
# Registers                                            : 248
 Flip-Flops                                            : 248
# Comparators                                          : 8
 30-bit comparator less                                : 8

=========================================================================

=========================================================================
*                         Low Level Synthesis                           *
=========================================================================

Optimizing unit <CounterUD> ...

Optimizing unit <chia8xung> ...

Optimizing unit <dem8bit> ...

Mapping all equations...
Building and optimizing final netlist ...
Found area constraint ratio of 100 (+ 5) on block CounterUD, actual ratio is 7.

Final Macro Processing ...

=========================================================================
Final Register Report

Macro Statistics
# Registers                                            : 248
 Flip-Flops                                            : 248

=========================================================================

=========================================================================
*                           Partition Report                            *
=========================================================================

Partition Implementation Status
-------------------------------

  No Partitions were found in this design.

-------------------------------

=========================================================================
*                            Final Report                               *
=========================================================================
Final Results
RTL Top Level Output File Name     : CounterUD.ngr
Top Level Output File Name         : CounterUD
Output Format                      : NGC
Optimization Goal                  : Speed
Keep Hierarchy                     : No

Design Statistics
# IOs                              : 23

Cell Usage :
# BELS                             : 1291
#      GND                         : 1
#      INV                         : 32
#      LUT1                        : 253
#      LUT2                        : 266
#      LUT3                        : 9
#      LUT4                        : 99
#      LUT4_D                      : 1
#      MUXCY                       : 386
#      MUXF5                       : 3
#      VCC                         : 1
#      XORCY                       : 240
# FlipFlops/Latches                : 248
#      FDC                         : 248
# Clock Buffers                    : 1
#      BUFGP                       : 1
# IO Buffers                       : 22
#      IBUF                        : 6
#      OBUF                        : 16
=========================================================================

Device utilization summary:
---------------------------

Selected Device : 3s500efg320-4 

 Number of Slices:                      345  out of   4656     7%  
 Number of Slice Flip Flops:            248  out of   9312     2%  
 Number of 4 input LUTs:                660  out of   9312     7%  
 Number of IOs:                          23
 Number of bonded IOBs:                  23  out of    232     9%  
 Number of GCLKs:                         1  out of     24     4%  

---------------------------
Partition Resource Summary:
---------------------------

  No Partitions were found in this design.

---------------------------


=========================================================================
TIMING REPORT

NOTE: THESE TIMING NUMBERS ARE ONLY A SYNTHESIS ESTIMATE.
      FOR ACCURATE TIMING INFORMATION PLEASE REFER TO THE TRACE REPORT
      GENERATED AFTER PLACE-and-ROUTE.

Clock Information:
------------------
-----------------------------------+------------------------+-------+
Clock Signal                       | Clock buffer(FF name)  | Load  |
-----------------------------------+------------------------+-------+
clk                                | BUFGP                  | 240   |
clk_o(a2/y152_f5:O)                | NONE(*)(a3/r_reg_7)    | 8     |
-----------------------------------+------------------------+-------+
(*) This 1 clock signal(s) are generated by combinatorial logic,
and XST is not able to identify which are the primary clock signals.
Please use the CLOCK_SIGNAL constraint to specify the clock signal(s) generated by combinatorial logic.
INFO:Xst:2169 - HDL ADVISOR - Some clock signals were not automatically buffered by XST with BUFG/BUFR resources. Please use the buffer_type constraint in order to insert these buffers to the clock signals to help prevent skew problems.

Asynchronous Control Signals Information:
----------------------------------------
-----------------------------------+------------------------+-------+
Control Signal                     | Buffer(FF name)        | Load  |
-----------------------------------+------------------------+-------+
reset                              | IBUF                   | 248   |
-----------------------------------+------------------------+-------+

Timing Summary:
---------------
Speed Grade: -4

   Minimum period: 6.373ns (Maximum Frequency: 156.912MHz)
   Minimum input arrival time before clock: 6.571ns
   Maximum output required time after clock: 5.695ns
   Maximum combinational path delay: No path found

Timing Detail:
--------------
All values displayed in nanoseconds (ns)

=========================================================================
Timing constraint: Default period analysis for Clock 'clk'
  Clock period: 6.373ns (frequency: 156.912MHz)
  Total number of paths / destination ports: 10920 / 240
-------------------------------------------------------------------------
Delay:               6.373ns (Levels of Logic = 31)
  Source:            a1/r_reg1000000H_1 (FF)
  Destination:       a1/r_reg1000000H_29 (FF)
  Source Clock:      clk rising
  Destination Clock: clk rising

  Data Path: a1/r_reg1000000H_1 to a1/r_reg1000000H_29
                                Gate     Net
    Cell:in->out      fanout   Delay   Delay  Logical Name (Net Name)
    ----------------------------------------  ------------
     FDC:C->Q              3   0.591   0.706  a1/r_reg1000000H_1 (a1/r_reg1000000H_1)
     LUT1:I0->O            1   0.704   0.000  a1/Madd_r_next1000000H_addsub0000_cy<1>_rt (a1/Madd_r_next1000000H_addsub0000_cy<1>_rt)
     MUXCY:S->O            1   0.464   0.000  a1/Madd_r_next1000000H_addsub0000_cy<1> (a1/Madd_r_next1000000H_addsub0000_cy<1>)
     MUXCY:CI->O           1   0.059   0.000  a1/Madd_r_next1000000H_addsub0000_cy<2> (a1/Madd_r_next1000000H_addsub0000_cy<2>)
     MUXCY:CI->O           1   0.059   0.000  a1/Madd_r_next1000000H_addsub0000_cy<3> (a1/Madd_r_next1000000H_addsub0000_cy<3>)
     MUXCY:CI->O           1   0.059   0.000  a1/Madd_r_next1000000H_addsub0000_cy<4> (a1/Madd_r_next1000000H_addsub0000_cy<4>)
     MUXCY:CI->O           1   0.059   0.000  a1/Madd_r_next1000000H_addsub0000_cy<5> (a1/Madd_r_next1000000H_addsub0000_cy<5>)
     MUXCY:CI->O           1   0.059   0.000  a1/Madd_r_next1000000H_addsub0000_cy<6> (a1/Madd_r_next1000000H_addsub0000_cy<6>)
     MUXCY:CI->O           1   0.059   0.000  a1/Madd_r_next1000000H_addsub0000_cy<7> (a1/Madd_r_next1000000H_addsub0000_cy<7>)
     MUXCY:CI->O           1   0.059   0.000  a1/Madd_r_next1000000H_addsub0000_cy<8> (a1/Madd_r_next1000000H_addsub0000_cy<8>)
     MUXCY:CI->O           1   0.059   0.000  a1/Madd_r_next1000000H_addsub0000_cy<9> (a1/Madd_r_next1000000H_addsub0000_cy<9>)
     MUXCY:CI->O           1   0.059   0.000  a1/Madd_r_next1000000H_addsub0000_cy<10> (a1/Madd_r_next1000000H_addsub0000_cy<10>)
     MUXCY:CI->O           1   0.059   0.000  a1/Madd_r_next1000000H_addsub0000_cy<11> (a1/Madd_r_next1000000H_addsub0000_cy<11>)
     MUXCY:CI->O           1   0.059   0.000  a1/Madd_r_next1000000H_addsub0000_cy<12> (a1/Madd_r_next1000000H_addsub0000_cy<12>)
     MUXCY:CI->O           1   0.059   0.000  a1/Madd_r_next1000000H_addsub0000_cy<13> (a1/Madd_r_next1000000H_addsub0000_cy<13>)
     MUXCY:CI->O           1   0.059   0.000  a1/Madd_r_next1000000H_addsub0000_cy<14> (a1/Madd_r_next1000000H_addsub0000_cy<14>)
     MUXCY:CI->O           1   0.059   0.000  a1/Madd_r_next1000000H_addsub0000_cy<15> (a1/Madd_r_next1000000H_addsub0000_cy<15>)
     MUXCY:CI->O           1   0.059   0.000  a1/Madd_r_next1000000H_addsub0000_cy<16> (a1/Madd_r_next1000000H_addsub0000_cy<16>)
     MUXCY:CI->O           1   0.059   0.000  a1/Madd_r_next1000000H_addsub0000_cy<17> (a1/Madd_r_next1000000H_addsub0000_cy<17>)
     MUXCY:CI->O           1   0.059   0.000  a1/Madd_r_next1000000H_addsub0000_cy<18> (a1/Madd_r_next1000000H_addsub0000_cy<18>)
     MUXCY:CI->O           1   0.059   0.000  a1/Madd_r_next1000000H_addsub0000_cy<19> (a1/Madd_r_next1000000H_addsub0000_cy<19>)
     MUXCY:CI->O           1   0.059   0.000  a1/Madd_r_next1000000H_addsub0000_cy<20> (a1/Madd_r_next1000000H_addsub0000_cy<20>)
     MUXCY:CI->O           1   0.059   0.000  a1/Madd_r_next1000000H_addsub0000_cy<21> (a1/Madd_r_next1000000H_addsub0000_cy<21>)
     MUXCY:CI->O           1   0.059   0.000  a1/Madd_r_next1000000H_addsub0000_cy<22> (a1/Madd_r_next1000000H_addsub0000_cy<22>)
     MUXCY:CI->O           1   0.059   0.000  a1/Madd_r_next1000000H_addsub0000_cy<23> (a1/Madd_r_next1000000H_addsub0000_cy<23>)
     MUXCY:CI->O           1   0.059   0.000  a1/Madd_r_next1000000H_addsub0000_cy<24> (a1/Madd_r_next1000000H_addsub0000_cy<24>)
     MUXCY:CI->O           1   0.059   0.000  a1/Madd_r_next1000000H_addsub0000_cy<25> (a1/Madd_r_next1000000H_addsub0000_cy<25>)
     MUXCY:CI->O           1   0.059   0.000  a1/Madd_r_next1000000H_addsub0000_cy<26> (a1/Madd_r_next1000000H_addsub0000_cy<26>)
     MUXCY:CI->O           1   0.059   0.000  a1/Madd_r_next1000000H_addsub0000_cy<27> (a1/Madd_r_next1000000H_addsub0000_cy<27>)
     MUXCY:CI->O           0   0.059   0.000  a1/Madd_r_next1000000H_addsub0000_cy<28> (a1/Madd_r_next1000000H_addsub0000_cy<28>)
     XORCY:CI->O           1   0.804   0.499  a1/Madd_r_next1000000H_addsub0000_xor<29> (a1/r_next1000000H_addsub0000<29>)
     LUT2:I1->O            1   0.704   0.000  a1/r_next1000000H<29>1 (a1/r_next1000000H<29>)
     FDC:D                     0.308          a1/r_reg1000000H_29
    ----------------------------------------
    Total                      6.373ns (5.168ns logic, 1.205ns route)
                                       (81.1% logic, 18.9% route)

=========================================================================
Timing constraint: Default period analysis for Clock 'clk_o'
  Clock period: 5.548ns (frequency: 180.245MHz)
  Total number of paths / destination ports: 39 / 8
-------------------------------------------------------------------------
Delay:               5.548ns (Levels of Logic = 4)
  Source:            a3/r_reg_1 (FF)
  Destination:       a3/r_reg_6 (FF)
  Source Clock:      clk_o rising
  Destination Clock: clk_o rising

  Data Path: a3/r_reg_1 to a3/r_reg_6
                                Gate     Net
    Cell:in->out      fanout   Delay   Delay  Logical Name (Net Name)
    ----------------------------------------  ------------
     FDC:C->Q              5   0.591   0.712  a3/r_reg_1 (a3/r_reg_1)
     LUT3:I1->O            3   0.704   0.535  a3/Maddsub_r_next_cy<1>1 (a3/Maddsub_r_next_cy<1>)
     LUT4_D:I3->LO         1   0.704   0.104  a3/Maddsub_r_next_cy<5>1_SW2 (N26)
     LUT4:I3->O            2   0.704   0.482  a3/Maddsub_r_next_cy<5>1 (a3/Maddsub_r_next_cy<5>)
     LUT3:I2->O            1   0.704   0.000  a3/Maddsub_r_next_xor<6>11 (a3/r_next<6>)
     FDC:D                     0.308          a3/r_reg_6
    ----------------------------------------
    Total                      5.548ns (3.715ns logic, 1.833ns route)
                                       (67.0% logic, 33.0% route)

=========================================================================
Timing constraint: Default OFFSET IN BEFORE for Clock 'clk_o'
  Total number of paths / destination ports: 18 / 7
-------------------------------------------------------------------------
Offset:              6.571ns (Levels of Logic = 5)
  Source:            UD (PAD)
  Destination:       a3/r_reg_6 (FF)
  Destination Clock: clk_o rising

  Data Path: UD to a3/r_reg_6
                                Gate     Net
    Cell:in->out      fanout   Delay   Delay  Logical Name (Net Name)
    ----------------------------------------  ------------
     IBUF:I->O            11   1.218   1.108  UD_IBUF (UD_IBUF)
     LUT3:I0->O            3   0.704   0.535  a3/Maddsub_r_next_cy<1>1 (a3/Maddsub_r_next_cy<1>)
     LUT4_D:I3->LO         1   0.704   0.104  a3/Maddsub_r_next_cy<5>1_SW2 (N26)
     LUT4:I3->O            2   0.704   0.482  a3/Maddsub_r_next_cy<5>1 (a3/Maddsub_r_next_cy<5>)
     LUT3:I2->O            1   0.704   0.000  a3/Maddsub_r_next_xor<6>11 (a3/r_next<6>)
     FDC:D                     0.308          a3/r_reg_6
    ----------------------------------------
    Total                      6.571ns (4.342ns logic, 2.229ns route)
                                       (66.1% logic, 33.9% route)

=========================================================================
Timing constraint: Default OFFSET OUT AFTER for Clock 'clk_o'
  Total number of paths / destination ports: 16 / 16
-------------------------------------------------------------------------
Offset:              5.695ns (Levels of Logic = 2)
  Source:            a3/r_reg_2 (FF)
  Destination:       Dao<2> (PAD)
  Source Clock:      clk_o rising

  Data Path: a3/r_reg_2 to Dao<2>
                                Gate     Net
    Cell:in->out      fanout   Delay   Delay  Logical Name (Net Name)
    ----------------------------------------  ------------
     FDC:C->Q              7   0.591   0.708  a3/r_reg_2 (a3/r_reg_2)
     INV:I->O              1   0.704   0.420  Dao<2>1_INV_0 (Dao_2_OBUF)
     OBUF:I->O                 3.272          Dao_2_OBUF (Dao<2>)
    ----------------------------------------
    Total                      5.695ns (4.567ns logic, 1.128ns route)
                                       (80.2% logic, 19.8% route)

=========================================================================


Total REAL time to Xst completion: 5.00 secs
Total CPU time to Xst completion: 5.62 secs
 
--> 

Total memory usage is 4521960 kilobytes

Number of errors   :    0 (   0 filtered)
Number of warnings :    0 (   0 filtered)
Number of infos    :    2 (   0 filtered)

